<?xml version="1.0" encoding="UTF-8"?>
<testsuite xmlns:xsi="http://www.w3.org/2001/XMLSchema-instance" xsi:noNamespaceSchemaLocation="https://maven.apache.org/surefire/maven-surefire-plugin/xsd/surefire-test-report.xsd" name="com.example.demo.DemoApplicationTests" time="1.953" tests="1" errors="0" skipped="0" failures="0">
  <properties>
    <property name="sun.desktop" value="windows"/>
    <property name="awt.toolkit" value="sun.awt.windows.WToolkit"/>
    <property name="file.encoding.pkg" value="sun.io"/>
    <property name="java.specification.version" value="1.8"/>
    <property name="sun.cpu.isalist" value="amd64"/>
    <property name="sun.jnu.encoding" value="GBK"/>
    <property name="java.class.path" value="E:\ideaProject\demo\target\test-classes;E:\ideaProject\demo\target\classes;E:\maven\LoaclMaven\org\springframework\boot\spring-boot-starter-web\2.7.3\spring-boot-starter-web-2.7.3.jar;E:\maven\LoaclMaven\org\springframework\boot\spring-boot-starter\2.7.3\spring-boot-starter-2.7.3.jar;E:\maven\LoaclMaven\org\springframework\boot\spring-boot\2.7.3\spring-boot-2.7.3.jar;E:\maven\LoaclMaven\org\springframework\boot\spring-boot-autoconfigure\2.7.3\spring-boot-autoconfigure-2.7.3.jar;E:\maven\LoaclMaven\org\springframework\boot\spring-boot-starter-logging\2.7.3\spring-boot-starter-logging-2.7.3.jar;E:\maven\LoaclMaven\ch\qos\logback\logback-classic\1.2.11\logback-classic-1.2.11.jar;E:\maven\LoaclMaven\ch\qos\logback\logback-core\1.2.11\logback-core-1.2.11.jar;E:\maven\LoaclMaven\org\apache\logging\log4j\log4j-to-slf4j\2.17.2\log4j-to-slf4j-2.17.2.jar;E:\maven\LoaclMaven\org\apache\logging\log4j\log4j-api\2.17.2\log4j-api-2.17.2.jar;E:\maven\LoaclMaven\org\slf4j\jul-to-slf4j\1.7.36\jul-to-slf4j-1.7.36.jar;E:\maven\LoaclMaven\jakarta\annotation\jakarta.annotation-api\1.3.5\jakarta.annotation-api-1.3.5.jar;E:\maven\LoaclMaven\org\yaml\snakeyaml\1.30\snakeyaml-1.30.jar;E:\maven\LoaclMaven\org\springframework\boot\spring-boot-starter-json\2.7.3\spring-boot-starter-json-2.7.3.jar;E:\maven\LoaclMaven\com\fasterxml\jackson\core\jackson-databind\2.13.3\jackson-databind-2.13.3.jar;E:\maven\LoaclMaven\com\fasterxml\jackson\core\jackson-annotations\2.13.3\jackson-annotations-2.13.3.jar;E:\maven\LoaclMaven\com\fasterxml\jackson\core\jackson-core\2.13.3\jackson-core-2.13.3.jar;E:\maven\LoaclMaven\com\fasterxml\jackson\datatype\jackson-datatype-jdk8\2.13.3\jackson-datatype-jdk8-2.13.3.jar;E:\maven\LoaclMaven\com\fasterxml\jackson\datatype\jackson-datatype-jsr310\2.13.3\jackson-datatype-jsr310-2.13.3.jar;E:\maven\LoaclMaven\com\fasterxml\jackson\module\jackson-module-parameter-names\2.13.3\jackson-module-parameter-names-2.13.3.jar;E:\maven\LoaclMaven\org\springframework\boot\spring-boot-starter-tomcat\2.7.3\spring-boot-starter-tomcat-2.7.3.jar;E:\maven\LoaclMaven\org\apache\tomcat\embed\tomcat-embed-core\9.0.65\tomcat-embed-core-9.0.65.jar;E:\maven\LoaclMaven\org\apache\tomcat\embed\tomcat-embed-el\9.0.65\tomcat-embed-el-9.0.65.jar;E:\maven\LoaclMaven\org\apache\tomcat\embed\tomcat-embed-websocket\9.0.65\tomcat-embed-websocket-9.0.65.jar;E:\maven\LoaclMaven\org\springframework\spring-web\5.3.22\spring-web-5.3.22.jar;E:\maven\LoaclMaven\org\springframework\spring-beans\5.3.22\spring-beans-5.3.22.jar;E:\maven\LoaclMaven\org\springframework\spring-webmvc\5.3.22\spring-webmvc-5.3.22.jar;E:\maven\LoaclMaven\org\springframework\spring-aop\5.3.22\spring-aop-5.3.22.jar;E:\maven\LoaclMaven\org\springframework\spring-context\5.3.22\spring-context-5.3.22.jar;E:\maven\LoaclMaven\org\springframework\spring-expression\5.3.22\spring-expression-5.3.22.jar;E:\maven\LoaclMaven\org\projectlombok\lombok\1.18.24\lombok-1.18.24.jar;E:\maven\LoaclMaven\org\springframework\boot\spring-boot-starter-test\2.7.3\spring-boot-starter-test-2.7.3.jar;E:\maven\LoaclMaven\org\springframework\boot\spring-boot-test\2.7.3\spring-boot-test-2.7.3.jar;E:\maven\LoaclMaven\org\springframework\boot\spring-boot-test-autoconfigure\2.7.3\spring-boot-test-autoconfigure-2.7.3.jar;E:\maven\LoaclMaven\com\jayway\jsonpath\json-path\2.7.0\json-path-2.7.0.jar;E:\maven\LoaclMaven\net\minidev\json-smart\2.4.8\json-smart-2.4.8.jar;E:\maven\LoaclMaven\net\minidev\accessors-smart\2.4.8\accessors-smart-2.4.8.jar;E:\maven\LoaclMaven\org\ow2\asm\asm\9.1\asm-9.1.jar;E:\maven\LoaclMaven\org\slf4j\slf4j-api\1.7.36\slf4j-api-1.7.36.jar;E:\maven\LoaclMaven\jakarta\xml\bind\jakarta.xml.bind-api\2.3.3\jakarta.xml.bind-api-2.3.3.jar;E:\maven\LoaclMaven\jakarta\activation\jakarta.activation-api\1.2.2\jakarta.activation-api-1.2.2.jar;E:\maven\LoaclMaven\org\assertj\assertj-core\3.22.0\assertj-core-3.22.0.jar;E:\maven\LoaclMaven\org\hamcrest\hamcrest\2.2\hamcrest-2.2.jar;E:\maven\LoaclMaven\org\junit\jupiter\junit-jupiter\5.8.2\junit-jupiter-5.8.2.jar;E:\maven\LoaclMaven\org\junit\jupiter\junit-jupiter-api\5.8.2\junit-jupiter-api-5.8.2.jar;E:\maven\LoaclMaven\org\opentest4j\opentest4j\1.2.0\opentest4j-1.2.0.jar;E:\maven\LoaclMaven\org\junit\platform\junit-platform-commons\1.8.2\junit-platform-commons-1.8.2.jar;E:\maven\LoaclMaven\org\apiguardian\apiguardian-api\1.1.2\apiguardian-api-1.1.2.jar;E:\maven\LoaclMaven\org\junit\jupiter\junit-jupiter-params\5.8.2\junit-jupiter-params-5.8.2.jar;E:\maven\LoaclMaven\org\junit\jupiter\junit-jupiter-engine\5.8.2\junit-jupiter-engine-5.8.2.jar;E:\maven\LoaclMaven\org\junit\platform\junit-platform-engine\1.8.2\junit-platform-engine-1.8.2.jar;E:\maven\LoaclMaven\org\mockito\mockito-core\4.5.1\mockito-core-4.5.1.jar;E:\maven\LoaclMaven\net\bytebuddy\byte-buddy\1.12.13\byte-buddy-1.12.13.jar;E:\maven\LoaclMaven\net\bytebuddy\byte-buddy-agent\1.12.13\byte-buddy-agent-1.12.13.jar;E:\maven\LoaclMaven\org\objenesis\objenesis\3.2\objenesis-3.2.jar;E:\maven\LoaclMaven\org\mockito\mockito-junit-jupiter\4.5.1\mockito-junit-jupiter-4.5.1.jar;E:\maven\LoaclMaven\org\skyscreamer\jsonassert\1.5.1\jsonassert-1.5.1.jar;E:\maven\LoaclMaven\com\vaadin\external\google\android-json\0.0.20131108.vaadin1\android-json-0.0.20131108.vaadin1.jar;E:\maven\LoaclMaven\org\springframework\spring-core\5.3.22\spring-core-5.3.22.jar;E:\maven\LoaclMaven\org\springframework\spring-jcl\5.3.22\spring-jcl-5.3.22.jar;E:\maven\LoaclMaven\org\springframework\spring-test\5.3.22\spring-test-5.3.22.jar;E:\maven\LoaclMaven\org\xmlunit\xmlunit-core\2.9.0\xmlunit-core-2.9.0.jar;"/>
    <property name="java.vm.vendor" value="Oracle Corporation"/>
    <property name="sun.arch.data.model" value="64"/>
    <property name="user.variant" value=""/>
    <property name="java.vendor.url" value="http://java.oracle.com/"/>
    <property name="user.timezone" value="Asia/Shanghai"/>
    <property name="java.vm.specification.version" value="1.8"/>
    <property name="os.name" value="Windows 10"/>
    <property name="user.country" value="CN"/>
    <property name="sun.java.launcher" value="SUN_STANDARD"/>
    <property name="sun.boot.library.path" value="E:\Java\jdk\jre\bin"/>
    <property name="sun.java.command" value="C:\Users\bgyuan\AppData\Local\Temp\surefire6391286302048543592\surefirebooter5461331291379825022.jar C:\Users\bgyuan\AppData\Local\Temp\surefire6391286302048543592 2022-08-28T22-09-20_220-jvmRun1 surefire102374651632687756tmp surefire_04320470436198070197tmp"/>
    <property name="surefire.test.class.path" value="E:\ideaProject\demo\target\test-classes;E:\ideaProject\demo\target\classes;E:\maven\LoaclMaven\org\springframework\boot\spring-boot-starter-web\2.7.3\spring-boot-starter-web-2.7.3.jar;E:\maven\LoaclMaven\org\springframework\boot\spring-boot-starter\2.7.3\spring-boot-starter-2.7.3.jar;E:\maven\LoaclMaven\org\springframework\boot\spring-boot\2.7.3\spring-boot-2.7.3.jar;E:\maven\LoaclMaven\org\springframework\boot\spring-boot-autoconfigure\2.7.3\spring-boot-autoconfigure-2.7.3.jar;E:\maven\LoaclMaven\org\springframework\boot\spring-boot-starter-logging\2.7.3\spring-boot-starter-logging-2.7.3.jar;E:\maven\LoaclMaven\ch\qos\logback\logback-classic\1.2.11\logback-classic-1.2.11.jar;E:\maven\LoaclMaven\ch\qos\logback\logback-core\1.2.11\logback-core-1.2.11.jar;E:\maven\LoaclMaven\org\apache\logging\log4j\log4j-to-slf4j\2.17.2\log4j-to-slf4j-2.17.2.jar;E:\maven\LoaclMaven\org\apache\logging\log4j\log4j-api\2.17.2\log4j-api-2.17.2.jar;E:\maven\LoaclMaven\org\slf4j\jul-to-slf4j\1.7.36\jul-to-slf4j-1.7.36.jar;E:\maven\LoaclMaven\jakarta\annotation\jakarta.annotation-api\1.3.5\jakarta.annotation-api-1.3.5.jar;E:\maven\LoaclMaven\org\yaml\snakeyaml\1.30\snakeyaml-1.30.jar;E:\maven\LoaclMaven\org\springframework\boot\spring-boot-starter-json\2.7.3\spring-boot-starter-json-2.7.3.jar;E:\maven\LoaclMaven\com\fasterxml\jackson\core\jackson-databind\2.13.3\jackson-databind-2.13.3.jar;E:\maven\LoaclMaven\com\fasterxml\jackson\core\jackson-annotations\2.13.3\jackson-annotations-2.13.3.jar;E:\maven\LoaclMaven\com\fasterxml\jackson\core\jackson-core\2.13.3\jackson-core-2.13.3.jar;E:\maven\LoaclMaven\com\fasterxml\jackson\datatype\jackson-datatype-jdk8\2.13.3\jackson-datatype-jdk8-2.13.3.jar;E:\maven\LoaclMaven\com\fasterxml\jackson\datatype\jackson-datatype-jsr310\2.13.3\jackson-datatype-jsr310-2.13.3.jar;E:\maven\LoaclMaven\com\fasterxml\jackson\module\jackson-module-parameter-names\2.13.3\jackson-module-parameter-names-2.13.3.jar;E:\maven\LoaclMaven\org\springframework\boot\spring-boot-starter-tomcat\2.7.3\spring-boot-starter-tomcat-2.7.3.jar;E:\maven\LoaclMaven\org\apache\tomcat\embed\tomcat-embed-core\9.0.65\tomcat-embed-core-9.0.65.jar;E:\maven\LoaclMaven\org\apache\tomcat\embed\tomcat-embed-el\9.0.65\tomcat-embed-el-9.0.65.jar;E:\maven\LoaclMaven\org\apache\tomcat\embed\tomcat-embed-websocket\9.0.65\tomcat-embed-websocket-9.0.65.jar;E:\maven\LoaclMaven\org\springframework\spring-web\5.3.22\spring-web-5.3.22.jar;E:\maven\LoaclMaven\org\springframework\spring-beans\5.3.22\spring-beans-5.3.22.jar;E:\maven\LoaclMaven\org\springframework\spring-webmvc\5.3.22\spring-webmvc-5.3.22.jar;E:\maven\LoaclMaven\org\springframework\spring-aop\5.3.22\spring-aop-5.3.22.jar;E:\maven\LoaclMaven\org\springframework\spring-context\5.3.22\spring-context-5.3.22.jar;E:\maven\LoaclMaven\org\springframework\spring-expression\5.3.22\spring-expression-5.3.22.jar;E:\maven\LoaclMaven\org\projectlombok\lombok\1.18.24\lombok-1.18.24.jar;E:\maven\LoaclMaven\org\springframework\boot\spring-boot-starter-test\2.7.3\spring-boot-starter-test-2.7.3.jar;E:\maven\LoaclMaven\org\springframework\boot\spring-boot-test\2.7.3\spring-boot-test-2.7.3.jar;E:\maven\LoaclMaven\org\springframework\boot\spring-boot-test-autoconfigure\2.7.3\spring-boot-test-autoconfigure-2.7.3.jar;E:\maven\LoaclMaven\com\jayway\jsonpath\json-path\2.7.0\json-path-2.7.0.jar;E:\maven\LoaclMaven\net\minidev\json-smart\2.4.8\json-smart-2.4.8.jar;E:\maven\LoaclMaven\net\minidev\accessors-smart\2.4.8\accessors-smart-2.4.8.jar;E:\maven\LoaclMaven\org\ow2\asm\asm\9.1\asm-9.1.jar;E:\maven\LoaclMaven\org\slf4j\slf4j-api\1.7.36\slf4j-api-1.7.36.jar;E:\maven\LoaclMaven\jakarta\xml\bind\jakarta.xml.bind-api\2.3.3\jakarta.xml.bind-api-2.3.3.jar;E:\maven\LoaclMaven\jakarta\activation\jakarta.activation-api\1.2.2\jakarta.activation-api-1.2.2.jar;E:\maven\LoaclMaven\org\assertj\assertj-core\3.22.0\assertj-core-3.22.0.jar;E:\maven\LoaclMaven\org\hamcrest\hamcrest\2.2\hamcrest-2.2.jar;E:\maven\LoaclMaven\org\junit\jupiter\junit-jupiter\5.8.2\junit-jupiter-5.8.2.jar;E:\maven\LoaclMaven\org\junit\jupiter\junit-jupiter-api\5.8.2\junit-jupiter-api-5.8.2.jar;E:\maven\LoaclMaven\org\opentest4j\opentest4j\1.2.0\opentest4j-1.2.0.jar;E:\maven\LoaclMaven\org\junit\platform\junit-platform-commons\1.8.2\junit-platform-commons-1.8.2.jar;E:\maven\LoaclMaven\org\apiguardian\apiguardian-api\1.1.2\apiguardian-api-1.1.2.jar;E:\maven\LoaclMaven\org\junit\jupiter\junit-jupiter-params\5.8.2\junit-jupiter-params-5.8.2.jar;E:\maven\LoaclMaven\org\junit\jupiter\junit-jupiter-engine\5.8.2\junit-jupiter-engine-5.8.2.jar;E:\maven\LoaclMaven\org\junit\platform\junit-platform-engine\1.8.2\junit-platform-engine-1.8.2.jar;E:\maven\LoaclMaven\org\mockito\mockito-core\4.5.1\mockito-core-4.5.1.jar;E:\maven\LoaclMaven\net\bytebuddy\byte-buddy\1.12.13\byte-buddy-1.12.13.jar;E:\maven\LoaclMaven\net\bytebuddy\byte-buddy-agent\1.12.13\byte-buddy-agent-1.12.13.jar;E:\maven\LoaclMaven\org\objenesis\objenesis\3.2\objenesis-3.2.jar;E:\maven\LoaclMaven\org\mockito\mockito-junit-jupiter\4.5.1\mockito-junit-jupiter-4.5.1.jar;E:\maven\LoaclMaven\org\skyscreamer\jsonassert\1.5.1\jsonassert-1.5.1.jar;E:\maven\LoaclMaven\com\vaadin\external\google\android-json\0.0.20131108.vaadin1\android-json-0.0.20131108.vaadin1.jar;E:\maven\LoaclMaven\org\springframework\spring-core\5.3.22\spring-core-5.3.22.jar;E:\maven\LoaclMaven\org\springframework\spring-jcl\5.3.22\spring-jcl-5.3.22.jar;E:\maven\LoaclMaven\org\springframework\spring-test\5.3.22\spring-test-5.3.22.jar;E:\maven\LoaclMaven\org\xmlunit\xmlunit-core\2.9.0\xmlunit-core-2.9.0.jar;"/>
    <property name="sun.cpu.endian" value="little"/>
    <property name="user.home" value="C:\Users\bgyuan"/>
    <property name="user.language" value="zh"/>
    <property name="java.specification.vendor" value="Oracle Corporation"/>
    <property name="java.home" value="E:\Java\jdk\jre"/>
    <property name="basedir" value="E:\ideaProject\demo"/>
    <property name="file.separator" value="\"/>
    <property name="line.separator" value="&#10;"/>
    <property name="java.vm.specification.vendor" value="Oracle Corporation"/>
    <property name="java.specification.name" value="Java Platform API Specification"/>
    <property name="java.awt.graphicsenv" value="sun.awt.Win32GraphicsEnvironment"/>
    <property name="surefire.real.class.path" value="C:\Users\bgyuan\AppData\Local\Temp\surefire6391286302048543592\surefirebooter5461331291379825022.jar"/>
    <property name="sun.boot.class.path" value="E:\Java\jdk\jre\lib\resources.jar;E:\Java\jdk\jre\lib\rt.jar;E:\Java\jdk\jre\lib\sunrsasign.jar;E:\Java\jdk\jre\lib\jsse.jar;E:\Java\jdk\jre\lib\jce.jar;E:\Java\jdk\jre\lib\charsets.jar;E:\Java\jdk\jre\lib\jfr.jar;E:\Java\jdk\jre\classes"/>
    <property name="user.script" value=""/>
    <property name="sun.management.compiler" value="HotSpot 64-Bit Tiered Compilers"/>
    <property name="java.runtime.version" value="1.8.0_231-b11"/>
    <property name="user.name" value="bgyuan"/>
    <property name="path.separator" value=";"/>
    <property name="os.version" value="10.0"/>
    <property name="java.endorsed.dirs" value="E:\Java\jdk\jre\lib\endorsed"/>
    <property name="java.runtime.name" value="Java(TM) SE Runtime Environment"/>
    <property name="file.encoding" value="GBK"/>
    <property name="java.vm.name" value="Java HotSpot(TM) 64-Bit Server VM"/>
    <property name="localRepository" value="E:\maven\LoaclMaven"/>
    <property name="java.vendor.url.bug" value="http://bugreport.sun.com/bugreport/"/>
    <property name="java.io.tmpdir" value="C:\Users\bgyuan\AppData\Local\Temp\"/>
    <property name="idea.version" value="2020.2.3"/>
    <property name="java.version" value="1.8.0_231"/>
    <property name="user.dir" value="E:\ideaProject\demo"/>
    <property name="os.arch" value="amd64"/>
    <property name="java.vm.specification.name" value="Java Virtual Machine Specification"/>
    <property name="java.awt.printerjob" value="sun.awt.windows.WPrinterJob"/>
    <property name="sun.os.patch.level" value=""/>
    <property name="java.library.path" value="E:\Java\jdk\jre\bin;C:\Windows\Sun\Java\bin;C:\Windows\system32;C:\Windows;E:\PYTHON\Scripts\;E:\PYTHON\;D:\应用程序\VMware\VMware Workstation\bin\;E:\oracle\product\11.2.0\dbhome_1\bin;C:\Program Files (x86)\Common Files\Oracle\Java\javapath;C:\Windows\system32;C:\Windows;C:\Windows\System32\Wbem;C:\Windows\System32\WindowsPowerShell\v1.0\;C:\Windows\System32\OpenSSH\;C:\Program Files (x86)\NVIDIA Corporation\PhysX\Common;C:\Program Files\NVIDIA Corporation\NVIDIA NvDLISR;&quot;E:\JAVA\jdk\bin;E:\JAVA\jdk\jre\bin;&quot;;E:\zookeeper-2181\bin;E:\Git\cmd;E:\maven\apache-maven-3.6.0\bin\;E:\redis\;D:\应用程序\SarangNet\XFTP\;D:\应用程序\SarangNet\XShell\;C:\Users\bgyuan\AppData\Local\Microsoft\WindowsApps;;E:\IDEA\IntelliJ IDEA 2020.2.3\bin;;E:\PyCharm 2022.1.3\bin;;."/>
    <property name="java.vm.info" value="mixed mode"/>
    <property name="java.vendor" value="Oracle Corporation"/>
    <property name="java.vm.version" value="25.231-b11"/>
    <property name="java.ext.dirs" value="E:\Java\jdk\jre\lib\ext;C:\Windows\Sun\Java\lib\ext"/>
    <property name="sun.io.unicode.encoding" value="UnicodeLittle"/>
    <property name="java.class.version" value="52.0"/>
  </properties>
  <testcase name="contextLoads" classname="com.example.demo.DemoApplicationTests" time="0.193"/>
</testsuite>